[0.110s] Invoking command in '/sim_ws/build/wall_follow': CMAKE_PREFIX_PATH=${CMAKE_PREFIX_PATH}:/sim_ws/install/f1tenth_gym_ros:/opt/ros/foxy /usr/bin/cmake --build /sim_ws/build/wall_follow -- -j10 -l10
[0.140s] [35m[1mScanning dependencies of target wall_follow_node[0m
[0.197s] [ 50%] [32mBuilding CXX object CMakeFiles/wall_follow_node.dir/src/wall_follow_node.cpp.o[0m
[0.872s] [01m[K/sim_ws/src/wall_follow/src/wall_follow_node.cpp:[m[K In member function ‘[01m[Kvoid WallFollow::pid_control(double)[m[K’:
[0.872s] [01m[K/sim_ws/src/wall_follow/src/wall_follow_node.cpp:97:63:[m[K [01;31m[Kerror: [m[Kinvalid operands of types ‘[01m[Kdouble[m[K’ and ‘[01m[Kint[m[K’ to binary ‘[01m[Koperator^[m[K’
[0.872s]    97 |         u += this->kd*((error - this->prev_error)/([32m[Kthis->dt*10[m[K[01;31m[K^[m[K[34m[K-9[m[K));}
[0.872s]       |                                                    [32m[K~~~~~~~~~~~[m[K[01;31m[K^[m[K[34m[K~~[m[K
[0.872s]       |                                                            [32m[K|[m[K   [34m[K|[m[K
[0.872s]       |                                                            [32m[K|[m[K   [34m[Kint[m[K
[0.872s]       |                                                            [32m[Kdouble[m[K
[0.873s] [01m[K/sim_ws/src/wall_follow/src/wall_follow_node.cpp:99:41:[m[K [01;31m[Kerror: [m[Kinvalid operands of types ‘[01m[Kint[m[K’ and ‘[01m[K<unresolved overloaded function type>[m[K’ to binary ‘[01m[Koperator<<[m[K’
[0.873s]    99 |         std::cout << "dt: " << dt*10^[01;31m[K-9 << std::endl[m[K;
[0.873s]       |                                      [01;31m[K~~~^~~~~~~~~~~~[m[K
[0.873s] [01m[K/sim_ws/src/wall_follow/src/wall_follow_node.cpp:100:75:[m[K [01;31m[Kerror: [m[Kinvalid operands of types ‘[01m[Kdouble[m[K’ and ‘[01m[Kint[m[K’ to binary ‘[01m[Koperator^[m[K’
[0.873s]   100 |         std::cout << "e_dot: " << ((error - this->prev_error)/([32m[Kthis->dt*10[m[K[01;31m[K^[m[K[34m[K-9[m[K)) << std::endl;
[0.873s]       |                                                                [32m[K~~~~~~~~~~~[m[K[01;31m[K^[m[K[34m[K~~[m[K
[0.873s]       |                                                                        [32m[K|[m[K   [34m[K|[m[K
[0.873s]       |                                                                        [32m[K|[m[K   [34m[Kint[m[K
[0.873s]       |                                                                        [32m[Kdouble[m[K
[1.690s] make[2]: *** [CMakeFiles/wall_follow_node.dir/build.make:63: CMakeFiles/wall_follow_node.dir/src/wall_follow_node.cpp.o] Error 1
[1.690s] make[1]: *** [CMakeFiles/Makefile2:78: CMakeFiles/wall_follow_node.dir/all] Error 2
[1.690s] make: *** [Makefile:141: all] Error 2
[1.691s] Invoked command in '/sim_ws/build/wall_follow' returned '2': CMAKE_PREFIX_PATH=${CMAKE_PREFIX_PATH}:/sim_ws/install/f1tenth_gym_ros:/opt/ros/foxy /usr/bin/cmake --build /sim_ws/build/wall_follow -- -j10 -l10
