[0.111s] Invoking command in '/sim_ws/build/wall_follow': CMAKE_PREFIX_PATH=${CMAKE_PREFIX_PATH}:/sim_ws/install/f1tenth_gym_ros:/opt/ros/foxy /usr/bin/cmake --build /sim_ws/build/wall_follow -- -j10 -l10
[0.159s] [100%] Built target wall_follow_node
[0.166s] Invoked command in '/sim_ws/build/wall_follow' returned '0': CMAKE_PREFIX_PATH=${CMAKE_PREFIX_PATH}:/sim_ws/install/f1tenth_gym_ros:/opt/ros/foxy /usr/bin/cmake --build /sim_ws/build/wall_follow -- -j10 -l10
[0.193s] Invoking command in '/sim_ws/build/wall_follow': CMAKE_PREFIX_PATH=${CMAKE_PREFIX_PATH}:/sim_ws/install/f1tenth_gym_ros:/opt/ros/foxy /usr/bin/cmake --install /sim_ws/build/wall_follow
[0.198s] -- Install configuration: ""
[0.198s] -- Up-to-date: /sim_ws/install/wall_follow/lib/wall_follow/wall_follow_node
[0.198s] -- Up-to-date: /sim_ws/install/wall_follow/share/wall_follow/environment/pythonpath.sh
[0.198s] -- Up-to-date: /sim_ws/install/wall_follow/share/wall_follow/environment/pythonpath.dsv
[0.198s] -- Up-to-date: /sim_ws/install/wall_follow/lib/python3.8/site-packages/wall_follow
[0.198s] -- Up-to-date: /sim_ws/install/wall_follow/lib/python3.8/site-packages/wall_follow/__init__.py
[0.214s] Listing '/sim_ws/install/wall_follow/lib/python3.8/site-packages/wall_follow'...
[0.217s] -- Up-to-date: /sim_ws/install/wall_follow/lib/wall_follow/wall_follow_node.py
[0.217s] -- Up-to-date: /sim_ws/install/wall_follow/share/ament_index/resource_index/package_run_dependencies/wall_follow
[0.217s] -- Up-to-date: /sim_ws/install/wall_follow/share/ament_index/resource_index/parent_prefix_path/wall_follow
[0.217s] -- Up-to-date: /sim_ws/install/wall_follow/share/wall_follow/environment/ament_prefix_path.sh
[0.217s] -- Up-to-date: /sim_ws/install/wall_follow/share/wall_follow/environment/ament_prefix_path.dsv
[0.217s] -- Up-to-date: /sim_ws/install/wall_follow/share/wall_follow/environment/path.sh
[0.217s] -- Up-to-date: /sim_ws/install/wall_follow/share/wall_follow/environment/path.dsv
[0.217s] -- Up-to-date: /sim_ws/install/wall_follow/share/wall_follow/local_setup.bash
[0.217s] -- Up-to-date: /sim_ws/install/wall_follow/share/wall_follow/local_setup.sh
[0.218s] -- Up-to-date: /sim_ws/install/wall_follow/share/wall_follow/local_setup.zsh
[0.218s] -- Up-to-date: /sim_ws/install/wall_follow/share/wall_follow/local_setup.dsv
[0.218s] -- Installing: /sim_ws/install/wall_follow/share/wall_follow/package.dsv
[0.218s] -- Up-to-date: /sim_ws/install/wall_follow/share/ament_index/resource_index/packages/wall_follow
[0.218s] -- Up-to-date: /sim_ws/install/wall_follow/share/wall_follow/cmake/wall_followConfig.cmake
[0.218s] -- Up-to-date: /sim_ws/install/wall_follow/share/wall_follow/cmake/wall_followConfig-version.cmake
[0.218s] -- Up-to-date: /sim_ws/install/wall_follow/share/wall_follow/package.xml
[0.220s] Invoked command in '/sim_ws/build/wall_follow' returned '0': CMAKE_PREFIX_PATH=${CMAKE_PREFIX_PATH}:/sim_ws/install/f1tenth_gym_ros:/opt/ros/foxy /usr/bin/cmake --install /sim_ws/build/wall_follow
