[0.000000] (-) TimerEvent: {}
[0.000047] (f1tenth_gym_ros) JobQueued: {'identifier': 'f1tenth_gym_ros', 'dependencies': OrderedDict()}
[0.000379] (f1tenth_gym_ros) JobStarted: {'identifier': 'f1tenth_gym_ros'}
[0.104979] (-) TimerEvent: {}
[0.205892] (-) TimerEvent: {}
[0.259377] (f1tenth_gym_ros) Command: {'cmd': ['/usr/bin/python3', 'setup.py', 'egg_info', '--egg-base', '../../build/f1tenth_gym_ros', 'build', '--build-base', '/sim_ws/build/f1tenth_gym_ros/build', 'install', '--record', '/sim_ws/build/f1tenth_gym_ros/install.log', '--install-scripts', '$base/lib/f1tenth_gym_ros', '--single-version-externally-managed'], 'cwd': '/sim_ws/src/f1tenth_gym_ros', 'env': {'SHLVL': '0', 'LD_LIBRARY_PATH': '/opt/ros/foxy/opt/yaml_cpp_vendor/lib:/opt/ros/foxy/opt/rviz_ogre_vendor/lib:/opt/ros/foxy/lib/aarch64-linux-gnu:/opt/ros/foxy/lib', 'HOME': '/root', 'OLDPWD': '/', 'ROS_PYTHON_VERSION': '3', 'ROS_DISTRO': 'foxy', '_': '/usr/bin/colcon', 'ROS_VERSION': '2', 'ROS_LOCALHOST_ONLY': '0', 'PATH': '/opt/ros/foxy/bin:/usr/local/sbin:/usr/local/bin:/usr/sbin:/usr/bin:/sbin:/bin', 'LANG': 'C.UTF-8', 'AMENT_PREFIX_PATH': '/opt/ros/foxy', 'PWD': '/sim_ws/build/f1tenth_gym_ros', 'LC_ALL': 'C.UTF-8', 'PYTHONPATH': '/sim_ws/build/f1tenth_gym_ros/prefix_override:/sim_ws/install/f1tenth_gym_ros/lib/python3.8/site-packages:/opt/ros/foxy/lib/python3.8/site-packages', 'COLCON': '1'}, 'shell': False}
[0.306513] (-) TimerEvent: {}
[0.332788] (f1tenth_gym_ros) StdoutLine: {'line': b'running egg_info\n'}
[0.332974] (f1tenth_gym_ros) StdoutLine: {'line': b'creating ../../build/f1tenth_gym_ros/f1tenth_gym_ros.egg-info\n'}
[0.333098] (f1tenth_gym_ros) StdoutLine: {'line': b'writing ../../build/f1tenth_gym_ros/f1tenth_gym_ros.egg-info/PKG-INFO\n'}
[0.333237] (f1tenth_gym_ros) StdoutLine: {'line': b'writing dependency_links to ../../build/f1tenth_gym_ros/f1tenth_gym_ros.egg-info/dependency_links.txt\n'}
[0.333281] (f1tenth_gym_ros) StdoutLine: {'line': b'writing entry points to ../../build/f1tenth_gym_ros/f1tenth_gym_ros.egg-info/entry_points.txt\n'}
[0.333319] (f1tenth_gym_ros) StdoutLine: {'line': b'writing requirements to ../../build/f1tenth_gym_ros/f1tenth_gym_ros.egg-info/requires.txt\n'}
[0.333409] (f1tenth_gym_ros) StdoutLine: {'line': b'writing top-level names to ../../build/f1tenth_gym_ros/f1tenth_gym_ros.egg-info/top_level.txt\n'}
[0.333913] (f1tenth_gym_ros) StdoutLine: {'line': b"writing manifest file '../../build/f1tenth_gym_ros/f1tenth_gym_ros.egg-info/SOURCES.txt'\n"}
[0.350784] (f1tenth_gym_ros) StdoutLine: {'line': b"reading manifest file '../../build/f1tenth_gym_ros/f1tenth_gym_ros.egg-info/SOURCES.txt'\n"}
[0.351135] (f1tenth_gym_ros) StdoutLine: {'line': b"writing manifest file '../../build/f1tenth_gym_ros/f1tenth_gym_ros.egg-info/SOURCES.txt'\n"}
[0.351305] (f1tenth_gym_ros) StdoutLine: {'line': b'running build\n'}
[0.351359] (f1tenth_gym_ros) StdoutLine: {'line': b'running build_py\n'}
[0.351429] (f1tenth_gym_ros) StdoutLine: {'line': b'creating /sim_ws/build/f1tenth_gym_ros/build\n'}
[0.351462] (f1tenth_gym_ros) StdoutLine: {'line': b'creating /sim_ws/build/f1tenth_gym_ros/build/lib\n'}
[0.351639] (f1tenth_gym_ros) StdoutLine: {'line': b'creating /sim_ws/build/f1tenth_gym_ros/build/lib/f1tenth_gym_ros\n'}
[0.351705] (f1tenth_gym_ros) StdoutLine: {'line': b'copying f1tenth_gym_ros/gym_bridge.py -> /sim_ws/build/f1tenth_gym_ros/build/lib/f1tenth_gym_ros\n'}
[0.351737] (f1tenth_gym_ros) StdoutLine: {'line': b'copying f1tenth_gym_ros/__init__.py -> /sim_ws/build/f1tenth_gym_ros/build/lib/f1tenth_gym_ros\n'}
[0.351771] (f1tenth_gym_ros) StdoutLine: {'line': b'running install\n'}
[0.352049] (f1tenth_gym_ros) StdoutLine: {'line': b'running install_lib\n'}
[0.352489] (f1tenth_gym_ros) StdoutLine: {'line': b'creating /sim_ws/install/f1tenth_gym_ros/lib/python3.8/site-packages/f1tenth_gym_ros\n'}
[0.352533] (f1tenth_gym_ros) StdoutLine: {'line': b'copying /sim_ws/build/f1tenth_gym_ros/build/lib/f1tenth_gym_ros/gym_bridge.py -> /sim_ws/install/f1tenth_gym_ros/lib/python3.8/site-packages/f1tenth_gym_ros\n'}
[0.352640] (f1tenth_gym_ros) StdoutLine: {'line': b'copying /sim_ws/build/f1tenth_gym_ros/build/lib/f1tenth_gym_ros/__init__.py -> /sim_ws/install/f1tenth_gym_ros/lib/python3.8/site-packages/f1tenth_gym_ros\n'}
[0.352900] (f1tenth_gym_ros) StdoutLine: {'line': b'byte-compiling /sim_ws/install/f1tenth_gym_ros/lib/python3.8/site-packages/f1tenth_gym_ros/gym_bridge.py to gym_bridge.cpython-38.pyc\n'}
[0.355087] (f1tenth_gym_ros) StdoutLine: {'line': b'byte-compiling /sim_ws/install/f1tenth_gym_ros/lib/python3.8/site-packages/f1tenth_gym_ros/__init__.py to __init__.cpython-38.pyc\n'}
[0.355202] (f1tenth_gym_ros) StdoutLine: {'line': b'running install_data\n'}
[0.355331] (f1tenth_gym_ros) StdoutLine: {'line': b'creating /sim_ws/install/f1tenth_gym_ros/share/ament_index\n'}
[0.355458] (f1tenth_gym_ros) StdoutLine: {'line': b'creating /sim_ws/install/f1tenth_gym_ros/share/ament_index/resource_index\n'}
[0.355550] (f1tenth_gym_ros) StdoutLine: {'line': b'creating /sim_ws/install/f1tenth_gym_ros/share/ament_index/resource_index/packages\n'}
[0.355619] (f1tenth_gym_ros) StdoutLine: {'line': b'copying resource/f1tenth_gym_ros -> /sim_ws/install/f1tenth_gym_ros/share/ament_index/resource_index/packages\n'}
[0.355674] (f1tenth_gym_ros) StdoutLine: {'line': b'copying package.xml -> /sim_ws/install/f1tenth_gym_ros/share/f1tenth_gym_ros\n'}
[0.355735] (f1tenth_gym_ros) StdoutLine: {'line': b'creating /sim_ws/install/f1tenth_gym_ros/share/f1tenth_gym_ros/launch\n'}
[0.355830] (f1tenth_gym_ros) StdoutLine: {'line': b'copying launch/gym_bridge_launch.py -> /sim_ws/install/f1tenth_gym_ros/share/f1tenth_gym_ros/launch\n'}
[0.355860] (f1tenth_gym_ros) StdoutLine: {'line': b'copying launch/ego_racecar.xacro -> /sim_ws/install/f1tenth_gym_ros/share/f1tenth_gym_ros/launch\n'}
[0.355889] (f1tenth_gym_ros) StdoutLine: {'line': b'copying launch/opp_racecar.xacro -> /sim_ws/install/f1tenth_gym_ros/share/f1tenth_gym_ros/launch\n'}
[0.355918] (f1tenth_gym_ros) StdoutLine: {'line': b'copying launch/gym_bridge.rviz -> /sim_ws/install/f1tenth_gym_ros/share/f1tenth_gym_ros/launch\n'}
[0.355947] (f1tenth_gym_ros) StdoutLine: {'line': b'creating /sim_ws/install/f1tenth_gym_ros/share/f1tenth_gym_ros/config\n'}
[0.355976] (f1tenth_gym_ros) StdoutLine: {'line': b'copying config/sim.yaml -> /sim_ws/install/f1tenth_gym_ros/share/f1tenth_gym_ros/config\n'}
[0.356005] (f1tenth_gym_ros) StdoutLine: {'line': b'running install_egg_info\n'}
[0.356579] (f1tenth_gym_ros) StdoutLine: {'line': b'Copying ../../build/f1tenth_gym_ros/f1tenth_gym_ros.egg-info to /sim_ws/install/f1tenth_gym_ros/lib/python3.8/site-packages/f1tenth_gym_ros-0.0.0-py3.8.egg-info\n'}
[0.357040] (f1tenth_gym_ros) StdoutLine: {'line': b'running install_scripts\n'}
[0.365419] (f1tenth_gym_ros) StdoutLine: {'line': b'Installing gym_bridge script to /sim_ws/install/f1tenth_gym_ros/lib/f1tenth_gym_ros\n'}
[0.365563] (f1tenth_gym_ros) StdoutLine: {'line': b"writing list of installed files to '/sim_ws/build/f1tenth_gym_ros/install.log'\n"}
[0.375987] (f1tenth_gym_ros) CommandEnded: {'returncode': 0}
[0.387141] (f1tenth_gym_ros) JobEnded: {'identifier': 'f1tenth_gym_ros', 'rc': 0}
[0.387475] (-) EventReactorShutdown: {}
