[0.082s] Invoking command in '/sim_ws/build/wall_follow': /usr/bin/cmake /sim_ws/src/wall_follow -DCMAKE_INSTALL_PREFIX=/sim_ws/install/wall_follow
[0.216s] -- The C compiler identification is GNU 9.4.0
[0.300s] -- The CXX compiler identification is GNU 9.4.0
[0.306s] -- Check for working C compiler: /usr/bin/cc
[0.348s] -- Check for working C compiler: /usr/bin/cc -- works
[0.349s] -- Detecting C compiler ABI info
[0.388s] -- Detecting C compiler ABI info - done
[0.395s] -- Detecting C compile features
[0.396s] -- Detecting C compile features - done
[0.398s] -- Check for working CXX compiler: /usr/bin/c++
[0.441s] -- Check for working CXX compiler: /usr/bin/c++ -- works
[0.442s] -- Detecting CXX compiler ABI info
[0.485s] -- Detecting CXX compiler ABI info - done
[0.492s] -- Detecting CXX compile features
[0.492s] -- Detecting CXX compile features - done
[0.498s] CMake Error at CMakeLists.txt:25 (find_package):
[0.498s]   By not providing "Findament_cmake.cmake" in CMAKE_MODULE_PATH this project
[0.498s]   has asked CMake to find a package configuration file provided by
[0.498s]   "ament_cmake", but CMake did not find one.
[0.498s] 
[0.498s]   Could not find a package configuration file provided by "ament_cmake" with
[0.498s]   any of the following names:
[0.499s] 
[0.499s]     ament_cmakeConfig.cmake
[0.499s]     ament_cmake-config.cmake
[0.499s] 
[0.499s]   Add the installation prefix of "ament_cmake" to CMAKE_PREFIX_PATH or set
[0.499s]   "ament_cmake_DIR" to a directory containing one of the above files.  If
[0.499s]   "ament_cmake" provides a separate development package or SDK, be sure it
[0.499s]   has been installed.
[0.499s] 
[0.499s] 
[0.499s] -- Configuring incomplete, errors occurred!
[0.499s] See also "/sim_ws/build/wall_follow/CMakeFiles/CMakeOutput.log".
[0.500s] Invoked command in '/sim_ws/build/wall_follow' returned '1': /usr/bin/cmake /sim_ws/src/wall_follow -DCMAKE_INSTALL_PREFIX=/sim_ws/install/wall_follow
