[0.109s] Invoking command in '/sim_ws/build/wall_follow': CMAKE_PREFIX_PATH=${CMAKE_PREFIX_PATH}:/sim_ws/install/f1tenth_gym_ros:/opt/ros/foxy /usr/bin/cmake --build /sim_ws/build/wall_follow -- -j10 -l10
[0.136s] [35m[1mScanning dependencies of target wall_follow_node[0m
[0.177s] [ 50%] [32mBuilding CXX object CMakeFiles/wall_follow_node.dir/src/wall_follow_node.cpp.o[0m
[2.832s] [100%] [32m[1mLinking CXX executable wall_follow_node[0m
[2.989s] [100%] Built target wall_follow_node
[2.996s] Invoked command in '/sim_ws/build/wall_follow' returned '0': CMAKE_PREFIX_PATH=${CMAKE_PREFIX_PATH}:/sim_ws/install/f1tenth_gym_ros:/opt/ros/foxy /usr/bin/cmake --build /sim_ws/build/wall_follow -- -j10 -l10
[3.024s] Invoking command in '/sim_ws/build/wall_follow': CMAKE_PREFIX_PATH=${CMAKE_PREFIX_PATH}:/sim_ws/install/f1tenth_gym_ros:/opt/ros/foxy /usr/bin/cmake --install /sim_ws/build/wall_follow
[3.028s] -- Install configuration: ""
[3.029s] -- Installing: /sim_ws/install/wall_follow/lib/wall_follow/wall_follow_node
[3.030s] -- Set runtime path of "/sim_ws/install/wall_follow/lib/wall_follow/wall_follow_node" to ""
[3.030s] -- Up-to-date: /sim_ws/install/wall_follow/share/wall_follow/environment/pythonpath.sh
[3.030s] -- Up-to-date: /sim_ws/install/wall_follow/share/wall_follow/environment/pythonpath.dsv
[3.031s] -- Up-to-date: /sim_ws/install/wall_follow/lib/python3.8/site-packages/wall_follow
[3.031s] -- Up-to-date: /sim_ws/install/wall_follow/lib/python3.8/site-packages/wall_follow/__init__.py
[3.047s] Listing '/sim_ws/install/wall_follow/lib/python3.8/site-packages/wall_follow'...
[3.049s] -- Up-to-date: /sim_ws/install/wall_follow/lib/wall_follow/wall_follow_node.py
[3.049s] -- Up-to-date: /sim_ws/install/wall_follow/share/ament_index/resource_index/package_run_dependencies/wall_follow
[3.050s] -- Up-to-date: /sim_ws/install/wall_follow/share/ament_index/resource_index/parent_prefix_path/wall_follow
[3.050s] -- Up-to-date: /sim_ws/install/wall_follow/share/wall_follow/environment/ament_prefix_path.sh
[3.050s] -- Up-to-date: /sim_ws/install/wall_follow/share/wall_follow/environment/ament_prefix_path.dsv
[3.050s] -- Up-to-date: /sim_ws/install/wall_follow/share/wall_follow/environment/path.sh
[3.050s] -- Up-to-date: /sim_ws/install/wall_follow/share/wall_follow/environment/path.dsv
[3.050s] -- Up-to-date: /sim_ws/install/wall_follow/share/wall_follow/local_setup.bash
[3.050s] -- Up-to-date: /sim_ws/install/wall_follow/share/wall_follow/local_setup.sh
[3.050s] -- Up-to-date: /sim_ws/install/wall_follow/share/wall_follow/local_setup.zsh
[3.050s] -- Up-to-date: /sim_ws/install/wall_follow/share/wall_follow/local_setup.dsv
[3.050s] -- Installing: /sim_ws/install/wall_follow/share/wall_follow/package.dsv
[3.050s] -- Up-to-date: /sim_ws/install/wall_follow/share/ament_index/resource_index/packages/wall_follow
[3.050s] -- Up-to-date: /sim_ws/install/wall_follow/share/wall_follow/cmake/wall_followConfig.cmake
[3.050s] -- Up-to-date: /sim_ws/install/wall_follow/share/wall_follow/cmake/wall_followConfig-version.cmake
[3.050s] -- Up-to-date: /sim_ws/install/wall_follow/share/wall_follow/package.xml
[3.053s] Invoked command in '/sim_ws/build/wall_follow' returned '0': CMAKE_PREFIX_PATH=${CMAKE_PREFIX_PATH}:/sim_ws/install/f1tenth_gym_ros:/opt/ros/foxy /usr/bin/cmake --install /sim_ws/build/wall_follow
