running egg_info
creating ../../build/safety_node/safety_node.egg-info
writing ../../build/safety_node/safety_node.egg-info/PKG-INFO
writing dependency_links to ../../build/safety_node/safety_node.egg-info/dependency_links.txt
writing entry points to ../../build/safety_node/safety_node.egg-info/entry_points.txt
writing requirements to ../../build/safety_node/safety_node.egg-info/requires.txt
writing top-level names to ../../build/safety_node/safety_node.egg-info/top_level.txt
writing manifest file '../../build/safety_node/safety_node.egg-info/SOURCES.txt'
reading manifest file '../../build/safety_node/safety_node.egg-info/SOURCES.txt'
writing manifest file '../../build/safety_node/safety_node.egg-info/SOURCES.txt'
running build
running build_py
creating /sim_ws/build/safety_node/build
creating /sim_ws/build/safety_node/build/lib
creating /sim_ws/build/safety_node/build/lib/safety_node
copying safety_node/__init__.py -> /sim_ws/build/safety_node/build/lib/safety_node
copying safety_node/TTC.py -> /sim_ws/build/safety_node/build/lib/safety_node
running install
running install_lib
creating /sim_ws/install/safety_node/lib/python3.8/site-packages/safety_node
copying /sim_ws/build/safety_node/build/lib/safety_node/TTC.py -> /sim_ws/install/safety_node/lib/python3.8/site-packages/safety_node
copying /sim_ws/build/safety_node/build/lib/safety_node/__init__.py -> /sim_ws/install/safety_node/lib/python3.8/site-packages/safety_node
byte-compiling /sim_ws/install/safety_node/lib/python3.8/site-packages/safety_node/TTC.py to TTC.cpython-38.pyc
byte-compiling /sim_ws/install/safety_node/lib/python3.8/site-packages/safety_node/__init__.py to __init__.cpython-38.pyc
running install_data
creating /sim_ws/install/safety_node/share/ament_index
creating /sim_ws/install/safety_node/share/ament_index/resource_index
creating /sim_ws/install/safety_node/share/ament_index/resource_index/packages
copying resource/safety_node -> /sim_ws/install/safety_node/share/ament_index/resource_index/packages
copying package.xml -> /sim_ws/install/safety_node/share/safety_node
running install_egg_info
Copying ../../build/safety_node/safety_node.egg-info to /sim_ws/install/safety_node/lib/python3.8/site-packages/safety_node-0.0.0-py3.8.egg-info
running install_scripts
Installing TTC script to /sim_ws/install/safety_node/lib/safety_node
writing list of installed files to '/sim_ws/build/safety_node/install.log'
