[0.440s] Invoking command in '/sim_ws/src/safety_node': PYTHONPATH=/sim_ws/build/safety_node/prefix_override:/sim_ws/install/safety_node/lib/python3.8/site-packages:${PYTHONPATH} /usr/bin/python3 setup.py egg_info --egg-base ../../build/safety_node build --build-base /sim_ws/build/safety_node/build install --record /sim_ws/build/safety_node/install.log --install-scripts $base/lib/safety_node --single-version-externally-managed
[0.524s] running egg_info
[0.524s] creating ../../build/safety_node/safety_node.egg-info
[0.524s] writing ../../build/safety_node/safety_node.egg-info/PKG-INFO
[0.525s] writing dependency_links to ../../build/safety_node/safety_node.egg-info/dependency_links.txt
[0.525s] writing entry points to ../../build/safety_node/safety_node.egg-info/entry_points.txt
[0.525s] writing requirements to ../../build/safety_node/safety_node.egg-info/requires.txt
[0.525s] writing top-level names to ../../build/safety_node/safety_node.egg-info/top_level.txt
[0.528s] writing manifest file '../../build/safety_node/safety_node.egg-info/SOURCES.txt'
[0.550s] reading manifest file '../../build/safety_node/safety_node.egg-info/SOURCES.txt'
[0.551s] writing manifest file '../../build/safety_node/safety_node.egg-info/SOURCES.txt'
[0.551s] running build
[0.551s] running build_py
[0.551s] creating /sim_ws/build/safety_node/build
[0.551s] creating /sim_ws/build/safety_node/build/lib
[0.551s] creating /sim_ws/build/safety_node/build/lib/safety_node
[0.551s] copying safety_node/__init__.py -> /sim_ws/build/safety_node/build/lib/safety_node
[0.551s] copying safety_node/TTC.py -> /sim_ws/build/safety_node/build/lib/safety_node
[0.552s] running install
[0.553s] running install_lib
[0.553s] creating /sim_ws/install/safety_node/lib/python3.8/site-packages/safety_node
[0.553s] copying /sim_ws/build/safety_node/build/lib/safety_node/TTC.py -> /sim_ws/install/safety_node/lib/python3.8/site-packages/safety_node
[0.553s] copying /sim_ws/build/safety_node/build/lib/safety_node/__init__.py -> /sim_ws/install/safety_node/lib/python3.8/site-packages/safety_node
[0.553s] byte-compiling /sim_ws/install/safety_node/lib/python3.8/site-packages/safety_node/TTC.py to TTC.cpython-38.pyc
[0.554s] byte-compiling /sim_ws/install/safety_node/lib/python3.8/site-packages/safety_node/__init__.py to __init__.cpython-38.pyc
[0.555s] running install_data
[0.555s] creating /sim_ws/install/safety_node/share/ament_index
[0.555s] creating /sim_ws/install/safety_node/share/ament_index/resource_index
[0.555s] creating /sim_ws/install/safety_node/share/ament_index/resource_index/packages
[0.555s] copying resource/safety_node -> /sim_ws/install/safety_node/share/ament_index/resource_index/packages
[0.555s] copying package.xml -> /sim_ws/install/safety_node/share/safety_node
[0.555s] running install_egg_info
[0.556s] Copying ../../build/safety_node/safety_node.egg-info to /sim_ws/install/safety_node/lib/python3.8/site-packages/safety_node-0.0.0-py3.8.egg-info
[0.557s] running install_scripts
[0.566s] Installing TTC script to /sim_ws/install/safety_node/lib/safety_node
[0.567s] writing list of installed files to '/sim_ws/build/safety_node/install.log'
[0.599s] Invoked command in '/sim_ws/src/safety_node' returned '0': PYTHONPATH=/sim_ws/build/safety_node/prefix_override:/sim_ws/install/safety_node/lib/python3.8/site-packages:${PYTHONPATH} /usr/bin/python3 setup.py egg_info --egg-base ../../build/safety_node build --build-base /sim_ws/build/safety_node/build install --record /sim_ws/build/safety_node/install.log --install-scripts $base/lib/safety_node --single-version-externally-managed
