[0.260s] Invoking command in '/sim_ws/src/f1tenth_gym_ros': PYTHONPATH=/sim_ws/build/f1tenth_gym_ros/prefix_override:/sim_ws/install/f1tenth_gym_ros/lib/python3.8/site-packages:${PYTHONPATH} /usr/bin/python3 setup.py egg_info --egg-base ../../build/f1tenth_gym_ros build --build-base /sim_ws/build/f1tenth_gym_ros/build install --record /sim_ws/build/f1tenth_gym_ros/install.log --install-scripts $base/lib/f1tenth_gym_ros --single-version-externally-managed
[0.332s] running egg_info
[0.333s] creating ../../build/f1tenth_gym_ros/f1tenth_gym_ros.egg-info
[0.333s] writing ../../build/f1tenth_gym_ros/f1tenth_gym_ros.egg-info/PKG-INFO
[0.333s] writing dependency_links to ../../build/f1tenth_gym_ros/f1tenth_gym_ros.egg-info/dependency_links.txt
[0.333s] writing entry points to ../../build/f1tenth_gym_ros/f1tenth_gym_ros.egg-info/entry_points.txt
[0.333s] writing requirements to ../../build/f1tenth_gym_ros/f1tenth_gym_ros.egg-info/requires.txt
[0.333s] writing top-level names to ../../build/f1tenth_gym_ros/f1tenth_gym_ros.egg-info/top_level.txt
[0.334s] writing manifest file '../../build/f1tenth_gym_ros/f1tenth_gym_ros.egg-info/SOURCES.txt'
[0.350s] reading manifest file '../../build/f1tenth_gym_ros/f1tenth_gym_ros.egg-info/SOURCES.txt'
[0.351s] writing manifest file '../../build/f1tenth_gym_ros/f1tenth_gym_ros.egg-info/SOURCES.txt'
[0.351s] running build
[0.351s] running build_py
[0.351s] creating /sim_ws/build/f1tenth_gym_ros/build
[0.351s] creating /sim_ws/build/f1tenth_gym_ros/build/lib
[0.351s] creating /sim_ws/build/f1tenth_gym_ros/build/lib/f1tenth_gym_ros
[0.351s] copying f1tenth_gym_ros/gym_bridge.py -> /sim_ws/build/f1tenth_gym_ros/build/lib/f1tenth_gym_ros
[0.351s] copying f1tenth_gym_ros/__init__.py -> /sim_ws/build/f1tenth_gym_ros/build/lib/f1tenth_gym_ros
[0.351s] running install
[0.352s] running install_lib
[0.352s] creating /sim_ws/install/f1tenth_gym_ros/lib/python3.8/site-packages/f1tenth_gym_ros
[0.352s] copying /sim_ws/build/f1tenth_gym_ros/build/lib/f1tenth_gym_ros/gym_bridge.py -> /sim_ws/install/f1tenth_gym_ros/lib/python3.8/site-packages/f1tenth_gym_ros
[0.352s] copying /sim_ws/build/f1tenth_gym_ros/build/lib/f1tenth_gym_ros/__init__.py -> /sim_ws/install/f1tenth_gym_ros/lib/python3.8/site-packages/f1tenth_gym_ros
[0.353s] byte-compiling /sim_ws/install/f1tenth_gym_ros/lib/python3.8/site-packages/f1tenth_gym_ros/gym_bridge.py to gym_bridge.cpython-38.pyc
[0.355s] byte-compiling /sim_ws/install/f1tenth_gym_ros/lib/python3.8/site-packages/f1tenth_gym_ros/__init__.py to __init__.cpython-38.pyc
[0.355s] running install_data
[0.355s] creating /sim_ws/install/f1tenth_gym_ros/share/ament_index
[0.355s] creating /sim_ws/install/f1tenth_gym_ros/share/ament_index/resource_index
[0.355s] creating /sim_ws/install/f1tenth_gym_ros/share/ament_index/resource_index/packages
[0.355s] copying resource/f1tenth_gym_ros -> /sim_ws/install/f1tenth_gym_ros/share/ament_index/resource_index/packages
[0.355s] copying package.xml -> /sim_ws/install/f1tenth_gym_ros/share/f1tenth_gym_ros
[0.355s] creating /sim_ws/install/f1tenth_gym_ros/share/f1tenth_gym_ros/launch
[0.355s] copying launch/gym_bridge_launch.py -> /sim_ws/install/f1tenth_gym_ros/share/f1tenth_gym_ros/launch
[0.355s] copying launch/ego_racecar.xacro -> /sim_ws/install/f1tenth_gym_ros/share/f1tenth_gym_ros/launch
[0.356s] copying launch/opp_racecar.xacro -> /sim_ws/install/f1tenth_gym_ros/share/f1tenth_gym_ros/launch
[0.356s] copying launch/gym_bridge.rviz -> /sim_ws/install/f1tenth_gym_ros/share/f1tenth_gym_ros/launch
[0.356s] creating /sim_ws/install/f1tenth_gym_ros/share/f1tenth_gym_ros/config
[0.356s] copying config/sim.yaml -> /sim_ws/install/f1tenth_gym_ros/share/f1tenth_gym_ros/config
[0.356s] running install_egg_info
[0.356s] Copying ../../build/f1tenth_gym_ros/f1tenth_gym_ros.egg-info to /sim_ws/install/f1tenth_gym_ros/lib/python3.8/site-packages/f1tenth_gym_ros-0.0.0-py3.8.egg-info
[0.357s] running install_scripts
[0.365s] Installing gym_bridge script to /sim_ws/install/f1tenth_gym_ros/lib/f1tenth_gym_ros
[0.365s] writing list of installed files to '/sim_ws/build/f1tenth_gym_ros/install.log'
[0.376s] Invoked command in '/sim_ws/src/f1tenth_gym_ros' returned '0': PYTHONPATH=/sim_ws/build/f1tenth_gym_ros/prefix_override:/sim_ws/install/f1tenth_gym_ros/lib/python3.8/site-packages:${PYTHONPATH} /usr/bin/python3 setup.py egg_info --egg-base ../../build/f1tenth_gym_ros build --build-base /sim_ws/build/f1tenth_gym_ros/build install --record /sim_ws/build/f1tenth_gym_ros/install.log --install-scripts $base/lib/f1tenth_gym_ros --single-version-externally-managed
