[0.101s] Invoking command in '/sim_ws/build/wall_follow': CMAKE_PREFIX_PATH=/opt/ros/foxy /usr/bin/cmake --build /sim_ws/build/wall_follow -- -j10 -l10
[0.129s] [35m[1mScanning dependencies of target wall_follow_node[0m
[0.169s] [ 50%] [32mBuilding CXX object CMakeFiles/wall_follow_node.dir/src/wall_follow_node.cpp.o[0m
[0.781s] [01m[K/sim_ws/src/wall_follow/src/wall_follow_node.cpp:[m[K In member function ‘[01m[Kvoid WallFollow::scan_callback(sensor_msgs::msg::LaserScan_<std::allocator<void> >::ConstSharedPtr)[m[K’:
[0.781s] [01m[K/sim_ws/src/wall_follow/src/wall_follow_node.cpp:131:78:[m[K [01;31m[Kerror: [m[K‘[01m[Kusing element_type = const struct sensor_msgs::msg::LaserScan_<std::allocator<void> >[m[K’ {aka ‘[01m[Kconst struct sensor_msgs::msg::LaserScan_<std::allocator<void> >[m[K’} has no member named ‘[01m[Kmin_angle[m[K’
[0.781s]   131 |         double a_range = get_range(scan_msg->ranges, a_scan_angle, scan_msg->[01;31m[Kmin_angle[m[K, scan_msg->angle_increment);
[0.781s]       |                                                                              [01;31m[K^~~~~~~~~[m[K
[0.781s] [01m[K/sim_ws/src/wall_follow/src/wall_follow_node.cpp:132:78:[m[K [01;31m[Kerror: [m[K‘[01m[Kusing element_type = const struct sensor_msgs::msg::LaserScan_<std::allocator<void> >[m[K’ {aka ‘[01m[Kconst struct sensor_msgs::msg::LaserScan_<std::allocator<void> >[m[K’} has no member named ‘[01m[Kmin_angle[m[K’
[0.781s]   132 |         double b_range = get_range(scan_msg->ranges, b_scan_angle, scan_msg->[01;31m[Kmin_angle[m[K, scan_msg->angle_increment);
[0.781s]       |                                                                              [01;31m[K^~~~~~~~~[m[K
[0.781s] [01m[K/sim_ws/src/wall_follow/src/wall_follow_node.cpp:134:13:[m[K [01;31m[Kerror: [m[Kexpected ‘[01m[K;[m[K’ before ‘[01m[Kprev_error[m[K’
[0.781s]   134 |         this[01;31m[K [m[K[32m[Kprev_error[m[K = this->error;
[0.781s]       |             [01;31m[K^[m[K[32m[K~~~~~~~~~~[m[K
[0.781s]       |             [32m[K;[m[K
[0.781s] [01m[K/sim_ws/src/wall_follow/src/wall_follow_node.cpp:134:38:[m[K [01;35m[Kwarning: [m[Kstatement has no effect [[01;35m[K-Wunused-value[m[K]
[0.782s]   134 |         this prev_error = this->error[01;35m[K;[m[K
[0.782s]       |                                      [01;35m[K^[m[K
[0.784s] [01m[K/sim_ws/src/wall_follow/src/wall_follow_node.cpp:135:51:[m[K [01;31m[Kerror: [m[K‘[01m[Kdist_to_wall[m[K’ was not declared in this scope
[0.784s]   135 |         this->error = get_error(scan_msg->ranges, [01;31m[Kdist_to_wall[m[K, a_range, b_range); // degrees
[0.784s]       |                                                   [01;31m[K^~~~~~~~~~~~[m[K
[0.784s] [01m[K/sim_ws/src/wall_follow/src/wall_follow_node.cpp:140:52:[m[K [01;31m[Kerror: [m[Kbase operand of ‘[01m[K->[m[K’ has non-pointer type ‘[01m[Kconst _header_type[m[K’ {aka ‘[01m[Kconst std_msgs::msg::Header_<std::allocator<void> >[m[K’}
[0.784s]   140 |             this->dt = timestamp - scan_msg->header[01;31m[K->[m[Kstamp->nanosec;
[0.784s]       |                                                    [01;31m[K^~[m[K
[0.784s] [01m[K/sim_ws/src/wall_follow/src/wall_follow_node.cpp:142:16:[m[K [01;31m[Kerror: [m[Kredeclaration of ‘[01m[Kdouble timestamp[m[K’
[0.784s]   142 |         double [01;31m[Ktimestamp[m[K = scan_msg->header->stamp->nanosec;
[0.784s]       |                [01;31m[K^~~~~~~~~[m[K
[0.784s] [01m[K/sim_ws/src/wall_follow/src/wall_follow_node.cpp:138:16:[m[K [01;36m[Knote: [m[K‘[01m[Kdouble timestamp[m[K’ previously declared here
[0.784s]   138 |         double [01;36m[Ktimestamp[m[K = 0.0;
[0.784s]       |                [01;36m[K^~~~~~~~~[m[K
[0.784s] [01m[K/sim_ws/src/wall_follow/src/wall_follow_node.cpp:142:44:[m[K [01;31m[Kerror: [m[Kbase operand of ‘[01m[K->[m[K’ has non-pointer type ‘[01m[Kconst _header_type[m[K’ {aka ‘[01m[Kconst std_msgs::msg::Header_<std::allocator<void> >[m[K’}
[0.784s]   142 |         double timestamp = scan_msg->header[01;31m[K->[m[Kstamp->nanosec;
[0.784s]       |                                            [01;31m[K^~[m[K
[1.505s] make[2]: *** [CMakeFiles/wall_follow_node.dir/build.make:63: CMakeFiles/wall_follow_node.dir/src/wall_follow_node.cpp.o] Error 1
[1.505s] make[1]: *** [CMakeFiles/Makefile2:78: CMakeFiles/wall_follow_node.dir/all] Error 2
[1.505s] make: *** [Makefile:141: all] Error 2
[1.506s] Invoked command in '/sim_ws/build/wall_follow' returned '2': CMAKE_PREFIX_PATH=/opt/ros/foxy /usr/bin/cmake --build /sim_ws/build/wall_follow -- -j10 -l10
