[01m[K/sim_ws/src/wall_follow/src/wall_follow_node.cpp:6:28:[m[K [01;31m[Kerror: [m[Kexpected ‘[01m[K;[m[K’ before ‘[01m[Kclass[m[K’
    6 | using std::placeholders::_1
      |                            [01;31m[K^[m[K
      |                            [32m[K;[m[K
    7 | 
    8 | [32m[Kclass[m[K WallFollow : public rclcpp::Node {
      | [32m[K~~~~~[m[K                       
[01m[K/sim_ws/src/wall_follow/src/wall_follow_node.cpp:[m[K In member function ‘[01m[Kdouble WallFollow::get_range(float*, double, double, double)[m[K’:
[01m[K/sim_ws/src/wall_follow/src/wall_follow_node.cpp:49:33:[m[K [01;31m[Kerror: [m[Krequest for member ‘[01m[Ksize[m[K’ in ‘[01m[Krange_data[m[K’, which is of non-class type ‘[01m[Kfloat*[m[K’
   49 |         int length = range_data.[01;31m[Ksize[m[K()
      |                                 [01;31m[K^~~~[m[K
[01m[K/sim_ws/src/wall_follow/src/wall_follow_node.cpp:51:32:[m[K [01;31m[Kerror: [m[Kinvalid types ‘[01m[Kfloat*[<unresolved overloaded function type>][m[K’ for array subscript
   51 |         return range_data[index[01;31m[K][m[K;
      |                                [01;31m[K^[m[K
[01m[K/sim_ws/src/wall_follow/src/wall_follow_node.cpp:49:13:[m[K [01;35m[Kwarning: [m[Kunused variable ‘[01m[Klength[m[K’ [[01;35m[K-Wunused-variable[m[K]
   49 |         int [01;35m[Klength[m[K = range_data.size()
      |             [01;35m[K^~~~~~[m[K
[01m[K/sim_ws/src/wall_follow/src/wall_follow_node.cpp:37:48:[m[K [01;35m[Kwarning: [m[Kunused parameter ‘[01m[Kangle[m[K’ [[01;35m[K-Wunused-parameter[m[K]
   37 |     double get_range(float* range_data, [01;35m[Kdouble angle[m[K, double min_angle, double angle_increment)
      |                                         [01;35m[K~~~~~~~^~~~~[m[K
[01m[K/sim_ws/src/wall_follow/src/wall_follow_node.cpp:37:62:[m[K [01;35m[Kwarning: [m[Kunused parameter ‘[01m[Kmin_angle[m[K’ [[01;35m[K-Wunused-parameter[m[K]
   37 |     double get_range(float* range_data, double angle, [01;35m[Kdouble min_angle[m[K, double angle_increment)
      |                                                       [01;35m[K~~~~~~~^~~~~~~~~[m[K
[01m[K/sim_ws/src/wall_follow/src/wall_follow_node.cpp:37:80:[m[K [01;35m[Kwarning: [m[Kunused parameter ‘[01m[Kangle_increment[m[K’ [[01;35m[K-Wunused-parameter[m[K]
   37 |     double get_range(float* range_data, double angle, double min_angle, [01;35m[Kdouble angle_increment[m[K)
      |                                                                         [01;35m[K~~~~~~~^~~~~~~~~~~~~~~[m[K
[01m[K/sim_ws/src/wall_follow/src/wall_follow_node.cpp:[m[K In member function ‘[01m[Kdouble WallFollow::get_error(float*, double, double, double)[m[K’:
[01m[K/sim_ws/src/wall_follow/src/wall_follow_node.cpp:66:9:[m[K [01;31m[Kerror: [m[K‘[01m[KL[m[K’ was not declared in this scope
   66 |         [01;31m[KL[m[K = 0.2 //lookahead distance
      |         [01;31m[K^[m[K
[01m[K/sim_ws/src/wall_follow/src/wall_follow_node.cpp:69:42:[m[K [01;31m[Kerror: [m[K‘[01m[Ktheta[m[K’ was not declared in this scope
   69 |         double alpha = atan((a_range*cos([01;31m[Ktheta[m[K) - b_range)/a_range*sin(theta))
      |                                          [01;31m[K^~~~~[m[K
[01m[K/sim_ws/src/wall_follow/src/wall_follow_node.cpp:76:16:[m[K [01;31m[Kerror: [m[K‘[01m[KDtplus1[m[K’ was not declared in this scope
   76 |         return([01;31m[KDtplus1[m[K - DistToWall);
      |                [01;31m[K^~~~~~~[m[K
[01m[K/sim_ws/src/wall_follow/src/wall_follow_node.cpp:76:26:[m[K [01;31m[Kerror: [m[K‘[01m[KDistToWall[m[K’ was not declared in this scope
   76 |         return(Dtplus1 - [01;31m[KDistToWall[m[K);
      |                          [01;31m[K^~~~~~~~~~[m[K
[01m[K/sim_ws/src/wall_follow/src/wall_follow_node.cpp:69:16:[m[K [01;35m[Kwarning: [m[Kunused variable ‘[01m[Kalpha[m[K’ [[01;35m[K-Wunused-variable[m[K]
   69 |         double [01;35m[Kalpha[m[K = atan((a_range*cos(theta) - b_range)/a_range*sin(theta))
      |                [01;35m[K^~~~~[m[K
[01m[K/sim_ws/src/wall_follow/src/wall_follow_node.cpp:54:29:[m[K [01;35m[Kwarning: [m[Kunused parameter ‘[01m[Krange_data[m[K’ [[01;35m[K-Wunused-parameter[m[K]
   54 |     double get_error([01;35m[Kfloat* range_data[m[K, double dist, double a_range, double b_range)
      |                      [01;35m[K~~~~~~~^~~~~~~~~~[m[K
[01m[K/sim_ws/src/wall_follow/src/wall_follow_node.cpp:54:48:[m[K [01;35m[Kwarning: [m[Kunused parameter ‘[01m[Kdist[m[K’ [[01;35m[K-Wunused-parameter[m[K]
   54 |     double get_error(float* range_data, [01;35m[Kdouble dist[m[K, double a_range, double b_range)
      |                                         [01;35m[K~~~~~~~^~~~[m[K
[01m[K/sim_ws/src/wall_follow/src/wall_follow_node.cpp:[m[K In member function ‘[01m[Kvoid WallFollow::pid_control(double)[m[K’:
[01m[K/sim_ws/src/wall_follow/src/wall_follow_node.cpp:102:30:[m[K [01;31m[Kerror: [m[Kexpected identifier before ‘[01m[K([m[K’ token
  102 |          if (abs(u) >= 0) && [01;31m[K([m[Kabs(u) < 10){
      |                              [01;31m[K^[m[K
[01m[K/sim_ws/src/wall_follow/src/wall_follow_node.cpp:102:30:[m[K [01;35m[Kwarning: [m[Ktaking the address of a label is non-standard [[01;35m[K-Wpedantic[m[K]
[01m[K/sim_ws/src/wall_follow/src/wall_follow_node.cpp:104:36:[m[K [01;31m[Kerror: [m[Kexpected identifier before ‘[01m[K([m[K’ token
  104 |         } else if (abs(u) > 10) && [01;31m[K([m[Kabs(u) < 20){
      |                                    [01;31m[K^[m[K
[01m[K/sim_ws/src/wall_follow/src/wall_follow_node.cpp:104:36:[m[K [01;35m[Kwarning: [m[Ktaking the address of a label is non-standard [[01;35m[K-Wpedantic[m[K]
[01m[K/sim_ws/src/wall_follow/src/wall_follow_node.cpp:107:13:[m[K [01;31m[Kerror: [m[K‘[01m[Kvelocity[m[K’ was not declared in this scope
  107 |             [01;31m[Kvelocity[m[K = 0.5;
      |             [01;31m[K^~~~~~~~[m[K
[01m[K/sim_ws/src/wall_follow/src/wall_follow_node.cpp:110:25:[m[K [01;31m[Kerror: [m[K‘[01m[Kusing _drive_type = struct ackermann_msgs::msg::AckermannDrive_<std::allocator<void> >[m[K’ {aka ‘[01m[Kstruct ackermann_msgs::msg::AckermannDrive_<std::allocator<void> >[m[K’} has no member named ‘[01m[Kvelocity[m[K’
  110 |         drive_msg.drive.[01;31m[Kvelocity[m[K = velocity
      |                         [01;31m[K^~~~~~~~[m[K
[01m[K/sim_ws/src/wall_follow/src/wall_follow_node.cpp:110:36:[m[K [01;31m[Kerror: [m[K‘[01m[Kvelocity[m[K’ was not declared in this scope
  110 |         drive_msg.drive.velocity = [01;31m[Kvelocity[m[K
      |                                    [01;31m[K^~~~~~~~[m[K
[01m[K/sim_ws/src/wall_follow/src/wall_follow_node.cpp:[m[K In member function ‘[01m[Kvoid WallFollow::scan_callback(sensor_msgs::msg::LaserScan_<std::allocator<void> >::ConstSharedPtr)[m[K’:
[01m[K/sim_ws/src/wall_follow/src/wall_follow_node.cpp:130:78:[m[K [01;31m[Kerror: [m[K‘[01m[Kusing element_type = const struct sensor_msgs::msg::LaserScan_<std::allocator<void> >[m[K’ {aka ‘[01m[Kconst struct sensor_msgs::msg::LaserScan_<std::allocator<void> >[m[K’} has no member named ‘[01m[Kmin_angle[m[K’
  130 |         double a_range = get_range(scan_msg->ranges, a_scan_angle, scan_msg->[01;31m[Kmin_angle[m[K, scan_msg->angle_increment);
      |                                                                              [01;31m[K^~~~~~~~~[m[K
[01m[K/sim_ws/src/wall_follow/src/wall_follow_node.cpp:131:78:[m[K [01;31m[Kerror: [m[K‘[01m[Kusing element_type = const struct sensor_msgs::msg::LaserScan_<std::allocator<void> >[m[K’ {aka ‘[01m[Kconst struct sensor_msgs::msg::LaserScan_<std::allocator<void> >[m[K’} has no member named ‘[01m[Kmin_angle[m[K’
  131 |         double b_range = get_range(scan_msg->ranges, b_scan_angle, scan_msg->[01;31m[Kmin_angle[m[K, scan_msg->angle_increment);
      |                                                                              [01;31m[K^~~~~~~~~[m[K
[01m[K/sim_ws/src/wall_follow/src/wall_follow_node.cpp:133:13:[m[K [01;31m[Kerror: [m[Kexpected ‘[01m[K;[m[K’ before ‘[01m[Kprev_error[m[K’
  133 |         this[01;31m[K [m[K[32m[Kprev_error[m[K = this->error;
      |             [01;31m[K^[m[K[32m[K~~~~~~~~~~[m[K
      |             [32m[K;[m[K
[01m[K/sim_ws/src/wall_follow/src/wall_follow_node.cpp:133:38:[m[K [01;35m[Kwarning: [m[Kstatement has no effect [[01;35m[K-Wunused-value[m[K]
  133 |         this prev_error = this->error[01;35m[K;[m[K
      |                                      [01;35m[K^[m[K
[01m[K/sim_ws/src/wall_follow/src/wall_follow_node.cpp:134:51:[m[K [01;31m[Kerror: [m[K‘[01m[Kdist_to_wall[m[K’ was not declared in this scope
  134 |         this->error = get_error(scan_msg->ranges, [01;31m[Kdist_to_wall[m[K, a_range, b_range); // degrees
      |                                                   [01;31m[K^~~~~~~~~~~~[m[K
[01m[K/sim_ws/src/wall_follow/src/wall_follow_node.cpp:135:38:[m[K [01;31m[Kerror: [m[Kexpected ‘[01m[K;[m[K’ before ‘[01m[Kdouble[m[K’
  135 |         this->integral += this->error
      |                                      [01;31m[K^[m[K
      |                                      [32m[K;[m[K
  136 | 
  137 |         [32m[Kdouble[m[K timestamp = 0.0;
      |         [32m[K~~~~~~[m[K                        
[01m[K/sim_ws/src/wall_follow/src/wall_follow_node.cpp:138:12:[m[K [01;31m[Kerror: [m[K‘[01m[Ktimestamp[m[K’ was not declared in this scope; did you mean ‘[01m[Ktimercmp[m[K’?
  138 |         if([01;31m[Ktimestamp[m[K != 0.0){
      |            [01;31m[K^~~~~~~~~[m[K
      |            [32m[Ktimercmp[m[K
[01m[K/sim_ws/src/wall_follow/src/wall_follow_node.cpp:139:52:[m[K [01;31m[Kerror: [m[Kbase operand of ‘[01m[K->[m[K’ has non-pointer type ‘[01m[Kconst _header_type[m[K’ {aka ‘[01m[Kconst std_msgs::msg::Header_<std::allocator<void> >[m[K’}
  139 |             this->dt = timestamp - scan_msg->header[01;31m[K->[m[Kstamp->nanosec;
      |                                                    [01;31m[K^~[m[K
[01m[K/sim_ws/src/wall_follow/src/wall_follow_node.cpp:141:44:[m[K [01;31m[Kerror: [m[Kbase operand of ‘[01m[K->[m[K’ has non-pointer type ‘[01m[Kconst _header_type[m[K’ {aka ‘[01m[Kconst std_msgs::msg::Header_<std::allocator<void> >[m[K’}
  141 |         double timestamp = scan_msg->header[01;31m[K->[m[Kstamp->nanosec;
      |                                            [01;31m[K^~[m[K
[01m[K/sim_ws/src/wall_follow/src/wall_follow_node.cpp:141:16:[m[K [01;35m[Kwarning: [m[Kunused variable ‘[01m[Ktimestamp[m[K’ [[01;35m[K-Wunused-variable[m[K]
  141 |         double [01;35m[Ktimestamp[m[K = scan_msg->header->stamp->nanosec;
      |                [01;35m[K^~~~~~~~~[m[K
make[2]: *** [CMakeFiles/wall_follow_node.dir/build.make:63: CMakeFiles/wall_follow_node.dir/src/wall_follow_node.cpp.o] Error 1
make[1]: *** [CMakeFiles/Makefile2:78: CMakeFiles/wall_follow_node.dir/all] Error 2
make: *** [Makefile:141: all] Error 2
