[0.423s] Invoking command in '/sim_ws/src/safety_node': PYTHONPATH=/sim_ws/build/safety_node/prefix_override:/sim_ws/install/safety_node/lib/python3.8/site-packages:${PYTHONPATH} /usr/bin/python3 setup.py egg_info --egg-base ../../build/safety_node build --build-base /sim_ws/build/safety_node/build install --record /sim_ws/build/safety_node/install.log --install-scripts $base/lib/safety_node --single-version-externally-managed
[0.515s] running egg_info
[0.515s] writing ../../build/safety_node/safety_node.egg-info/PKG-INFO
[0.516s] writing dependency_links to ../../build/safety_node/safety_node.egg-info/dependency_links.txt
[0.516s] writing entry points to ../../build/safety_node/safety_node.egg-info/entry_points.txt
[0.516s] writing requirements to ../../build/safety_node/safety_node.egg-info/requires.txt
[0.516s] writing top-level names to ../../build/safety_node/safety_node.egg-info/top_level.txt
[0.538s] reading manifest file '../../build/safety_node/safety_node.egg-info/SOURCES.txt'
[0.539s] writing manifest file '../../build/safety_node/safety_node.egg-info/SOURCES.txt'
[0.539s] running build
[0.539s] running build_py
[0.539s] copying safety_node/TTC.py -> /sim_ws/build/safety_node/build/lib/safety_node
[0.540s] running install
[0.541s] running install_lib
[0.541s] copying /sim_ws/build/safety_node/build/lib/safety_node/TTC.py -> /sim_ws/install/safety_node/lib/python3.8/site-packages/safety_node
[0.542s] byte-compiling /sim_ws/install/safety_node/lib/python3.8/site-packages/safety_node/TTC.py to TTC.cpython-38.pyc
[0.543s] running install_data
[0.543s] running install_egg_info
[0.544s] removing '/sim_ws/install/safety_node/lib/python3.8/site-packages/safety_node-0.0.0-py3.8.egg-info' (and everything under it)
[0.544s] Copying ../../build/safety_node/safety_node.egg-info to /sim_ws/install/safety_node/lib/python3.8/site-packages/safety_node-0.0.0-py3.8.egg-info
[0.545s] running install_scripts
[0.553s] Installing TTC script to /sim_ws/install/safety_node/lib/safety_node
[0.554s] writing list of installed files to '/sim_ws/build/safety_node/install.log'
[0.569s] Invoked command in '/sim_ws/src/safety_node' returned '0': PYTHONPATH=/sim_ws/build/safety_node/prefix_override:/sim_ws/install/safety_node/lib/python3.8/site-packages:${PYTHONPATH} /usr/bin/python3 setup.py egg_info --egg-base ../../build/safety_node build --build-base /sim_ws/build/safety_node/build install --record /sim_ws/build/safety_node/install.log --install-scripts $base/lib/safety_node --single-version-externally-managed
