[0.413s] Invoking command in '/sim_ws/src/safety_node': PYTHONPATH=/sim_ws/build/safety_node/prefix_override:/sim_ws/install/safety_node/lib/python3.8/site-packages:${PYTHONPATH} /usr/bin/python3 setup.py egg_info --egg-base ../../build/safety_node build --build-base /sim_ws/build/safety_node/build install --record /sim_ws/build/safety_node/install.log --install-scripts $base/lib/safety_node --single-version-externally-managed
[0.503s] running egg_info
[0.504s] writing ../../build/safety_node/safety_node.egg-info/PKG-INFO
[0.504s] writing dependency_links to ../../build/safety_node/safety_node.egg-info/dependency_links.txt
[0.504s] writing entry points to ../../build/safety_node/safety_node.egg-info/entry_points.txt
[0.504s] writing requirements to ../../build/safety_node/safety_node.egg-info/requires.txt
[0.504s] writing top-level names to ../../build/safety_node/safety_node.egg-info/top_level.txt
[0.532s] reading manifest file '../../build/safety_node/safety_node.egg-info/SOURCES.txt'
[0.533s] writing manifest file '../../build/safety_node/safety_node.egg-info/SOURCES.txt'
[0.533s] running build
[0.533s] running build_py
[0.533s] copying safety_node/TTC.py -> /sim_ws/build/safety_node/build/lib/safety_node
[0.534s] running install
[0.535s] running install_lib
[0.535s] copying /sim_ws/build/safety_node/build/lib/safety_node/TTC.py -> /sim_ws/install/safety_node/lib/python3.8/site-packages/safety_node
[0.536s] byte-compiling /sim_ws/install/safety_node/lib/python3.8/site-packages/safety_node/TTC.py to TTC.cpython-38.pyc
[0.537s] running install_data
[0.537s] running install_egg_info
[0.538s] removing '/sim_ws/install/safety_node/lib/python3.8/site-packages/safety_node-0.0.0-py3.8.egg-info' (and everything under it)
[0.539s] Copying ../../build/safety_node/safety_node.egg-info to /sim_ws/install/safety_node/lib/python3.8/site-packages/safety_node-0.0.0-py3.8.egg-info
[0.539s] running install_scripts
[0.548s] Installing TTC script to /sim_ws/install/safety_node/lib/safety_node
[0.549s] writing list of installed files to '/sim_ws/build/safety_node/install.log'
[0.572s] Invoked command in '/sim_ws/src/safety_node' returned '0': PYTHONPATH=/sim_ws/build/safety_node/prefix_override:/sim_ws/install/safety_node/lib/python3.8/site-packages:${PYTHONPATH} /usr/bin/python3 setup.py egg_info --egg-base ../../build/safety_node build --build-base /sim_ws/build/safety_node/build install --record /sim_ws/build/safety_node/install.log --install-scripts $base/lib/safety_node --single-version-externally-managed
