[35m[1mScanning dependencies of target wall_follow_node[0m
[ 50%] [32mBuilding CXX object CMakeFiles/wall_follow_node.dir/src/wall_follow_node.cpp.o[0m
[01m[K/sim_ws/src/wall_follow/src/wall_follow_node.cpp:[m[K In member function ‘[01m[Kvoid WallFollow::pid_control(double)[m[K’:
[01m[K/sim_ws/src/wall_follow/src/wall_follow_node.cpp:97:65:[m[K [01;31m[Kerror: [m[Kinvalid operands of types ‘[01m[Kdouble[m[K’ and ‘[01m[Kint[m[K’ to binary ‘[01m[Koperator^[m[K’
   97 |         u += this->kd*((error - this->prev_error)/([32m[Kthis->dt*10.0[m[K[01;31m[K^[m[K[34m[K-9[m[K));}
      |                                                    [32m[K~~~~~~~~~~~~~[m[K[01;31m[K^[m[K[34m[K~~[m[K
      |                                                            [32m[K|[m[K     [34m[K|[m[K
      |                                                            [32m[K|[m[K     [34m[Kint[m[K
      |                                                            [32m[Kdouble[m[K
[01m[K/sim_ws/src/wall_follow/src/wall_follow_node.cpp:99:41:[m[K [01;31m[Kerror: [m[Kinvalid operands of types ‘[01m[Kint[m[K’ and ‘[01m[K<unresolved overloaded function type>[m[K’ to binary ‘[01m[Koperator<<[m[K’
   99 |         std::cout << "dt: " << dt*10^[01;31m[K-9 << std::endl[m[K;
      |                                      [01;31m[K~~~^~~~~~~~~~~~[m[K
[01m[K/sim_ws/src/wall_follow/src/wall_follow_node.cpp:100:77:[m[K [01;31m[Kerror: [m[Kinvalid operands of types ‘[01m[Kdouble[m[K’ and ‘[01m[Kint[m[K’ to binary ‘[01m[Koperator^[m[K’
  100 |         std::cout << "e_dot: " << ((error - this->prev_error)/([32m[Kthis->dt*10.0[m[K[01;31m[K^[m[K[34m[K-9[m[K)) << std::endl;
      |                                                                [32m[K~~~~~~~~~~~~~[m[K[01;31m[K^[m[K[34m[K~~[m[K
      |                                                                        [32m[K|[m[K     [34m[K|[m[K
      |                                                                        [32m[K|[m[K     [34m[Kint[m[K
      |                                                                        [32m[Kdouble[m[K
make[2]: *** [CMakeFiles/wall_follow_node.dir/build.make:63: CMakeFiles/wall_follow_node.dir/src/wall_follow_node.cpp.o] Error 1
make[1]: *** [CMakeFiles/Makefile2:78: CMakeFiles/wall_follow_node.dir/all] Error 2
make: *** [Makefile:141: all] Error 2
