[0.097s] Invoking command in '/sim_ws/build/wall_follow': CMAKE_PREFIX_PATH=/opt/ros/foxy /usr/bin/cmake --build /sim_ws/build/wall_follow -- -j10 -l10
[0.122s] [35m[1mScanning dependencies of target wall_follow_node[0m
[0.159s] [ 50%] [32mBuilding CXX object CMakeFiles/wall_follow_node.dir/src/wall_follow_node.cpp.o[0m
[2.613s] [100%] [32m[1mLinking CXX executable wall_follow_node[0m
[2.767s] [100%] Built target wall_follow_node
[2.773s] Invoked command in '/sim_ws/build/wall_follow' returned '0': CMAKE_PREFIX_PATH=/opt/ros/foxy /usr/bin/cmake --build /sim_ws/build/wall_follow -- -j10 -l10
[2.794s] Invoking command in '/sim_ws/build/wall_follow': CMAKE_PREFIX_PATH=/opt/ros/foxy /usr/bin/cmake --install /sim_ws/build/wall_follow
[2.799s] -- Install configuration: ""
[2.799s] -- Installing: /sim_ws/install/wall_follow/lib/wall_follow/wall_follow_node
[2.801s] -- Set runtime path of "/sim_ws/install/wall_follow/lib/wall_follow/wall_follow_node" to ""
[2.801s] -- Installing: /sim_ws/install/wall_follow/share/wall_follow/environment/pythonpath.sh
[2.801s] -- Installing: /sim_ws/install/wall_follow/share/wall_follow/environment/pythonpath.dsv
[2.801s] -- Installing: /sim_ws/install/wall_follow/lib/python3.8/site-packages/wall_follow
[2.802s] -- Installing: /sim_ws/install/wall_follow/lib/python3.8/site-packages/wall_follow/__init__.py
[2.819s] Listing '/sim_ws/install/wall_follow/lib/python3.8/site-packages/wall_follow'...
[2.819s] Compiling '/sim_ws/install/wall_follow/lib/python3.8/site-packages/wall_follow/__init__.py'...
[2.821s] -- Installing: /sim_ws/install/wall_follow/lib/wall_follow/wall_follow_node.py
[2.822s] -- Installing: /sim_ws/install/wall_follow/share/ament_index/resource_index/package_run_dependencies/wall_follow
[2.822s] -- Installing: /sim_ws/install/wall_follow/share/ament_index/resource_index/parent_prefix_path/wall_follow
[2.822s] -- Installing: /sim_ws/install/wall_follow/share/wall_follow/environment/ament_prefix_path.sh
[2.822s] -- Installing: /sim_ws/install/wall_follow/share/wall_follow/environment/ament_prefix_path.dsv
[2.822s] -- Installing: /sim_ws/install/wall_follow/share/wall_follow/environment/path.sh
[2.822s] -- Installing: /sim_ws/install/wall_follow/share/wall_follow/environment/path.dsv
[2.822s] -- Installing: /sim_ws/install/wall_follow/share/wall_follow/local_setup.bash
[2.822s] -- Installing: /sim_ws/install/wall_follow/share/wall_follow/local_setup.sh
[2.822s] -- Installing: /sim_ws/install/wall_follow/share/wall_follow/local_setup.zsh
[2.823s] -- Installing: /sim_ws/install/wall_follow/share/wall_follow/local_setup.dsv
[2.823s] -- Installing: /sim_ws/install/wall_follow/share/wall_follow/package.dsv
[2.823s] -- Installing: /sim_ws/install/wall_follow/share/ament_index/resource_index/packages/wall_follow
[2.823s] -- Installing: /sim_ws/install/wall_follow/share/wall_follow/cmake/wall_followConfig.cmake
[2.823s] -- Installing: /sim_ws/install/wall_follow/share/wall_follow/cmake/wall_followConfig-version.cmake
[2.823s] -- Installing: /sim_ws/install/wall_follow/share/wall_follow/package.xml
[2.826s] Invoked command in '/sim_ws/build/wall_follow' returned '0': CMAKE_PREFIX_PATH=/opt/ros/foxy /usr/bin/cmake --install /sim_ws/build/wall_follow
